<?xml version="1.0" encoding="UTF-8"?>
<robot generator="Robot 7.3.1 (Python 3.13.2 on win32)" generated="2025-06-26T20:45:59.569176" rpa="false" schemaversion="5">
<suite id="s1" name="Robotframworkproject" source="C:\Users\next2\PycharmProjects\robotframworkproject">
<suite id="s1-s1" name="Tests" source="C:\Users\next2\PycharmProjects\robotframworkproject\tests">
<suite id="s1-s1-s1" name="orangeDemo" source="C:\Users\next2\PycharmProjects\robotframworkproject\tests\orangeDemo.robot">
<test id="s1-s1-s1-t1" name="Login to OrangeHRM" line="9">
<kw name="ce connecte a l application Orange demo" owner="ressource1">
<kw name="Open Browser" owner="SeleniumLibrary">
<msg time="2025-06-26T20:45:59.942378" level="INFO">Opening browser 'edge' to base url 'https://opensource-demo.orangehrmlive.com/web/index.php/auth/login'.</msg>
<arg>${URL}</arg>
<arg>${BROWSER}</arg>
<doc>Opens a new browser instance to the optional ``url``.</doc>
<status status="PASS" start="2025-06-26T20:45:59.942091" elapsed="3.724476"/>
</kw>
<kw name="Maximize Browser Window" owner="SeleniumLibrary">
<doc>Maximizes current browser window.</doc>
<status status="PASS" start="2025-06-26T20:46:03.667362" elapsed="0.041649"/>
</kw>
<kw name="Sleep" owner="BuiltIn">
<msg time="2025-06-26T20:46:05.710393" level="INFO">Slept 2 seconds.</msg>
<arg>2s</arg>
<doc>Pauses the test executed for the given time.</doc>
<status status="PASS" start="2025-06-26T20:46:03.709249" elapsed="2.001275"/>
</kw>
<kw name="Input Text" owner="SeleniumLibrary">
<msg time="2025-06-26T20:46:05.711199" level="INFO">Typing text 'Admin' into text field 'name=username'.</msg>
<arg>name=username</arg>
<arg>Admin</arg>
<doc>Types the given ``text`` into the text field identified by ``locator``.</doc>
<status status="PASS" start="2025-06-26T20:46:05.710737" elapsed="0.101400"/>
</kw>
<kw name="Input Text" owner="SeleniumLibrary">
<msg time="2025-06-26T20:46:05.812673" level="INFO">Typing text 'admin123' into text field 'name=password'.</msg>
<arg>name=password</arg>
<arg>admin123</arg>
<doc>Types the given ``text`` into the text field identified by ``locator``.</doc>
<status status="PASS" start="2025-06-26T20:46:05.812365" elapsed="0.089004"/>
</kw>
<kw name="Click Button" owner="SeleniumLibrary">
<msg time="2025-06-26T20:46:05.901960" level="INFO">Clicking button 'xpath=//button[@type='submit']'.</msg>
<arg>xpath=//button[@type='submit']</arg>
<doc>Clicks the button identified by ``locator``.</doc>
<status status="PASS" start="2025-06-26T20:46:05.901665" elapsed="0.818867"/>
</kw>
<kw name="Sleep" owner="BuiltIn">
<msg time="2025-06-26T20:46:08.721290" level="INFO">Slept 2 seconds.</msg>
<arg>2s</arg>
<doc>Pauses the test executed for the given time.</doc>
<status status="PASS" start="2025-06-26T20:46:06.720719" elapsed="2.000708"/>
</kw>
<kw name="Wait Until Page Contains Element" owner="SeleniumLibrary">
<arg>xpath=//h6</arg>
<doc>Waits until the element ``locator`` appears on the current page.</doc>
<status status="PASS" start="2025-06-26T20:46:08.721594" elapsed="0.018481"/>
</kw>
<status status="PASS" start="2025-06-26T20:45:59.941152" elapsed="8.799094"/>
</kw>
<status status="PASS" start="2025-06-26T20:45:59.939446" elapsed="8.802161"/>
</test>
<status status="PASS" start="2025-06-26T20:45:59.610167" elapsed="9.132817"/>
</suite>
<status status="PASS" start="2025-06-26T20:45:59.608664" elapsed="9.135504"/>
</suite>
<status status="PASS" start="2025-06-26T20:45:59.572089" elapsed="9.173392"/>
</suite>
<statistics>
<total>
<stat pass="1" fail="0" skip="0">All Tests</stat>
</total>
<tag>
</tag>
<suite>
<stat name="Robotframworkproject" id="s1" pass="1" fail="0" skip="0">Robotframworkproject</stat>
<stat name="Tests" id="s1-s1" pass="1" fail="0" skip="0">Robotframworkproject.Tests</stat>
<stat name="orangeDemo" id="s1-s1-s1" pass="1" fail="0" skip="0">Robotframworkproject.Tests.orangeDemo</stat>
</suite>
</statistics>
<errors>
</errors>
</robot>
